Arguments: 
  D:\app\nodejs\node.exe D:\Yarn\bin\yarn.js add babel-preset-es2015 --save

PATH: 
  C:\Users\eiengwch\bin;D:\Git\Git\mingw64\bin;D:\Git\Git\usr\local\bin;D:\Git\Git\usr\bin;D:\Git\Git\usr\bin;D:\Git\Git\mingw64\bin;D:\Git\Git\usr\bin;C:\Users\eiengwch\bin;C:\ProgramData\Oracle\Java\javapath;C:\Windows\system32;C:\Windows;C:\Windows\System32\Wbem;C:\Windows\System32\WindowsPowerShell\v1.0;D:\xampp\php;D:\xampp\php\ext;D:\xampp\mysql\bin;C:\ProgramData\ComposerSetup\bin;D:\Git\Git\cmd;D:\Vagrant\bin;D:\Vagrant\bin;D:\Atom\Atom x64;D:\app\nodejs;D:\Yarn\bin;C:\Users\eiengwch\AppData\Roaming\Composer\vendor\bin;C:\Users\eiengwch\AppData\Roaming\npm;C:\Users\eiengwch\AppData\Local\Yarn\.bin;D:\Git\Git\usr\bin\vendor_perl;D:\Git\Git\usr\bin\core_perl

Yarn version: 
  0.23.2

Node version: 
  6.10.2

Platform: 
  win32 x64

npm manifest: 
  {
    "private": true,
    "devDependencies": {
      "gulp": "^3.9.1"
    },
    "dependencies": {
      "bootstrap-sass": "^3.0.0",
      "jquery": "^3.2.1",
      "laravel-elixir": "^3.0.0"
    }
  }

yarn manifest: 
  No manifest

Lockfile: 
  No lockfile

Trace: 
  Error: https://registry.npm.taobao.org/bootstrap-sass: tunneling socket could not be established, cause=getaddrinfo ENOTFOUND proxy.dvfu.ru proxy.dvfu.ru:3128
      at ClientRequest.onError (D:\Yarn\node_modules\tunnel-agent\index.js:177:17)
      at ClientRequest.g (events.js:291:16)
      at emitOne (events.js:96:13)
      at ClientRequest.emit (events.js:188:7)
      at TLSSocket.socketErrorListener (_http_client.js:309:9)
      at emitOne (events.js:96:13)
      at TLSSocket.emit (events.js:188:7)
      at connectErrorNT (net.js:1025:8)
      at _combinedTickCallback (internal/process/next_tick.js:80:11)
      at process._tickCallback (internal/process/next_tick.js:104:9)
